/BATCH  
/COM,ANSYS RELEASE 2021 R2           BUILD 21.2      UP20210601       02:00:26
/input,menust,tmp,''
/GRA,POWER
/GST,ON
/PLO,INFO,3
/GRO,CURL,ON
/CPLANE,1   
/REPLOT,RESIZE  
WPSTYLE,,,,,,,,0
!*  
/NOPR   
KEYW,PR_SET,1   
KEYW,PR_STRUC,1 
KEYW,PR_THERM,0 
KEYW,PR_FLUID,0 
KEYW,PR_ELMAG,0 
KEYW,MAGNOD,0   
KEYW,MAGEDG,0   
KEYW,MAGHFE,0   
KEYW,MAGELC,0   
KEYW,PR_MULTI,0 
/GO 
!*  
/COM,   
/COM,Preferences for GUI filtering have been set to display:
/COM,  Structural   
!*  
/PREP7  
ET,1,SHELL63
R,1,0.011,0.011,0.011,0.011, , ,
RMORE, , , ,
RMORE   
RMORE, ,
!*  
K,1,0,0,0,  
K,2,13,0,0, 
K,3,13,30,0,
K,4,0,30,0, 
FLST,2,4,3  
FITEM,2,4   
FITEM,2,3   
FITEM,2,2   
FITEM,2,1   
A,P51X  
FLST,2,1,5,ORDE,1   
FITEM,2,1   
AESIZE,P51X,0.3,
MSHAPE,0,2D 
MSHKEY,0
!*  
CM,_Y,AREA  
ASEL, , , ,       1 
CM,_Y1,AREA 
CHKMSH,'AREA'   
CMSEL,S,_Y  
!*  
AMESH,_Y1   
!*  
CMDELE,_Y   
CMDELE,_Y1  
CMDELE,_Y2  
!*  
FINISH  
/SOL
FLST,2,4,4,ORDE,2   
FITEM,2,1   
FITEM,2,-4  
!*  
/GO 
DL,P51X, ,UX,   
FLST,2,4,4,ORDE,2   
FITEM,2,1   
FITEM,2,-4  
!*  
/GO 
DL,P51X, ,UY,   
FLST,2,4,4,ORDE,2   
FITEM,2,1   
FITEM,2,-4  
!*  
/GO 
DL,P51X, ,UZ,   
!*  
ANTYPE,2
!*  
!*  
MODOPT,LANB,10  
EQSLV,SPAR  
MXPAND,10, , ,0 
LUMPM,0 
PSTRES,0
!*  
MODOPT,LANB,10,0,0, ,OFF
/STATUS,SOLU
SOLVE   
FINISH  
/PREP7  
!*  
MPTEMP,,,,,,,,  
MPTEMP,1,0  
MPDATA,EX,1,,2e11   
MPDATA,PRXY,1,,0.3  
MPTEMP,,,,,,,,  
MPTEMP,1,0  
MPDATA,DENS,1,,7850 
FINISH  
/SOL
/STATUS,SOLU
SOLVE   
FINISH  
/POST1  
SET,LIST,999
SET,LIST,999
SET,LIST,999
/REPLOT,RESIZE  
SET,LIST,999
SET,LIST,999
FINISH  
/SOL
!*  
ANTYPE,2
!*  
!*  
MODOPT,LANB,20  
EQSLV,SPAR  
MXPAND,20, , ,0 
LUMPM,0 
PSTRES,0
!*  
MODOPT,LANB,20,0,0, ,OFF
/STATUS,SOLU
SOLVE   
FINISH  
/POST1  
SET,LIST,999
SET,,, ,,, ,15  
!*  
/EFACET,1   
PLNSOL, U,Z, 0,1.0  
/VIEW,1,1,2,3   
/ANG,1  
/REP,FAST   
/VIEW,1,1,1,1   
/ANG,1  
/REP,FAST   
/REPLOT,RESIZE  
/USER,  1   
/VIEW,  1,  0.289893064416    ,  0.767611578480E-01,  0.953975752233
/ANG,   1,  -10.7205730979  
/REPLO  
/VIEW,  1, -0.771651983223E-01, -0.793117926576    ,  0.604160149887
/ANG,   1,   5.10872567415  
/REPLO  
/VIEW,  1, -0.514433959699    , -0.827213443944    ,  0.225999157669
/ANG,   1,   70.5369253620  
/REPLO  
/VIEW,  1, -0.596555620873    , -0.622883892865    ,  0.506099839176
/ANG,   1,   64.5891421069  
/REPLO  
/VIEW,  1, -0.595310086688    , -0.690610123237    ,  0.410686691252
/ANG,   1,   68.3451325166  
/REPLO  
/VIEW,  1, -0.629932134799    , -0.672357719137    ,  0.388742335056
/ANG,   1,   70.5613985718  
/REPLO  
SAVE
FINISH  
! /EXIT,ALL 
/BATCH  
/COM,ANSYS RELEASE 2021 R2           BUILD 21.2      UP20210601       05:24:52
/input,menust,tmp,''
/GRA,POWER
/GST,ON
/PLO,INFO,3
/GRO,CURL,ON
/CPLANE,1   
/REPLOT,RESIZE  
WPSTYLE,,,,,,,,0
RESUME  
/COM,ANSYS RELEASE 2021 R2           BUILD 21.2      UP20210601       05:29:58
/PREP7  
FINISH  
/POST1  
SET,LIST,999
SET,,, ,,, ,1   
!*  
/EFACET,1   
PLNSOL, U,SUM, 0,1.0
SET,LIST,999
SET,,, ,,, ,6   
!*  
/EFACET,1   
PLNSOL, U,SUM, 0,1.0
/DIST, 1 ,0.924021,1
/REP,FAST   
/DIST, 1 ,0.924021,1
/REP,FAST   
/DIST, 1 ,0.924021,1
/REP,FAST   
/DIST, 1 ,0.924021,1
/REP,FAST   
/VIEW,1,1,2,3   
/ANG,1  
/REP,FAST   
/VIEW,1,1,1,1   
/ANG,1  
/REP,FAST   
/ZOOM,1,RECT,0.396652,-0.033871 ,0.152720111956 ,0.0982258019909
/DIST, 1 ,1.082226,1
/REP,FAST   
/DIST, 1 ,1.082226,1
/REP,FAST   
/DIST, 1 ,1.082226,1
/REP,FAST   
/DIST, 1 ,1.082226,1
/REP,FAST   
/DIST, 1 ,1.082226,1
/REP,FAST   
/DIST, 1 ,1.082226,1
/REP,FAST   
/DIST, 1 ,1.082226,1
/REP,FAST   
/DIST, 1 ,1.082226,1
/REP,FAST   
/DIST, 1 ,1.082226,1
/REP,FAST   
/DIST, 1 ,1.082226,1
/REP,FAST   
/DIST, 1 ,1.082226,1
/REP,FAST   
/DIST, 1 ,1.082226,1
/REP,FAST   
/DIST, 1 ,1.082226,1
/REP,FAST   
/DIST, 1 ,1.082226,1
/REP,FAST   
/DIST, 1 ,1.082226,1
/REP,FAST   
/DIST, 1 ,1.082226,1
/REP,FAST   
/DIST, 1 ,1.082226,1
/REP,FAST   
/DIST, 1 ,1.082226,1
/REP,FAST   
/DIST, 1 ,1.082226,1
/REP,FAST   
/DIST, 1 ,1.082226,1
/REP,FAST   
/DIST, 1 ,1.082226,1
/REP,FAST   
/DIST, 1 ,1.082226,1
/REP,FAST   
/DIST, 1 ,1.082226,1
/REP,FAST   
/DIST, 1 ,1.082226,1
/REP,FAST   
/DIST, 1 ,1.082226,1
/REP,FAST   
/DIST, 1 ,1.082226,1
/REP,FAST   
/DIST, 1 ,1.082226,1
/REP,FAST   
/DIST, 1 ,1.082226,1
/REP,FAST   
/DIST, 1 ,1.082226,1
/REP,FAST   
/DIST, 1 ,1.082226,1
/REP,FAST   
/DIST, 1 ,1.082226,1
/REP,FAST   
/DIST, 1 ,1.082226,1
/REP,FAST   
/FOC,   1,   6.78594526875    ,   13.6096139501    , -0.153502556478
/REPLO  
/VIEW,  1,  0.145490417127    ,  0.301319149741    ,  0.942358375844
/ANG,   1,  -81.6275979211  
/REPLO  
/VIEW,  1,  0.783099738045    ,  0.400457246149    ,  0.475803314701
/ANG,   1,  -104.322966904  
/REPLO  
/VIEW,  1,  0.411740318356    ,  0.611021888241    ,  0.676108099589
/ANG,   1,  -121.266600580  
/REPLO  
/VIEW,  1,  0.528164649957    ,  0.635264741209    ,  0.563454355838
/ANG,   1,  -113.835942514  
/REPLO  
/VIEW,  1,  0.660237736217    ,  0.529506144157    ,  0.532643759913
/ANG,   1,  -108.987498108  
/REPLO  
/VIEW,  1,  0.749389525785    ,  0.584732437166    ,  0.310649827894
/ANG,   1,  -99.6996322652  
/REPLO  
/VIEW,  1,  0.678751510444    ,  0.599858922536    ,  0.423633875090
/ANG,   1,  -105.353560802  
/REPLO  
SET,LIST,999
SET,,, ,,, ,15  
/DIST, 1 ,1.082226,1
/REP,FAST   
/VIEW,  1,  0.606718916357    ,  0.526316093576    ,  0.595721013711
/ANG,   1,  -111.913743465  
/REPLO  
/VIEW,  1,  0.319153641339    ,  0.499389920997    ,  0.805450594404
/ANG,   1,  -124.432362134  
/REPLO  
/VIEW,  1,  0.486869972851    ,  0.601665859833    ,  0.633210725310
/ANG,   1,  -115.545769001  
/REPLO  
SET,LIST,999
SET,,, ,,, ,1   
/REPLOT,RESIZE  
SAVE
FINISH  
! /EXIT,ALL 
