/BATCH  
/COM,ANSYS RELEASE 2021 R2           BUILD 21.2      UP20210601       19:00:57
/input,menust,tmp,''
/GRA,POWER
/GST,ON
/PLO,INFO,3
/GRO,CURL,ON
/CPLANE,1   
/REPLOT,RESIZE  
WPSTYLE,,,,,,,,0
!*  
/NOPR   
KEYW,PR_SET,1   
KEYW,PR_STRUC,1 
KEYW,PR_THERM,0 
KEYW,PR_FLUID,0 
KEYW,PR_ELMAG,0 
KEYW,MAGNOD,0   
KEYW,MAGEDG,0   
KEYW,MAGHFE,0   
KEYW,MAGELC,0   
KEYW,PR_MULTI,0 
/GO 
!*  
/COM,   
/COM,Preferences for GUI filtering have been set to display:
/COM,  Structural   
!*  
/PREP7  
!*  
ET,1,BEAM188
!*  
et,1,shell63
R,1,0.011,0.011,0.011,0.011, , ,
RMORE, , , ,
RMORE   
RMORE, ,
!*  
!*  
MPTEMP,,,,,,,,  
MPTEMP,1,0  
MPDATA,EX,1,,2e11   
MPDATA,PRXY,1,,0.3  
MPTEMP,,,,,,,,  
MPTEMP,1,0  
MPDATA,DENS,1,,7850 
/REPLOT,RESIZE  
/REPLOT,RESIZE  
/REPLOT,RESIZE  
/REPLOT,RESIZE  
/REPLOT,RESIZE  
/REPLOT,RESIZE  
/REPLOT,RESIZE  
SECTYPE,   1, BEAM, T, stiff, 0 
SECOFFSET, CENT 
SECDATA,0.3,0.311,0.011,0.011,0,0,0,0,0,0,0,0   
SECTYPE,   1, BEAM, T, stiff, 0 
SECOFFSET, CENT 
SECDATA,0.3,0.311,0.011,0.011,0,0,0,0,0,0,0,0   
/REPLOT,RESIZE  
K,1,0,0,0,  
K,2,15,0,0, 
K,3,30,0,0, 
K,4,0,6.5,0,
K,5,15,6.5,0,   
K,6,30,6.5,0,   
K,7,0,13,0, 
K,8,15,13,0,
K,9,30,13,0,
FLST,2,4,3  
FITEM,2,4   
FITEM,2,5   
FITEM,2,2   
FITEM,2,1   
A,P51X  
FLST,2,4,3  
FITEM,2,7   
FITEM,2,8   
FITEM,2,5   
FITEM,2,4   
A,P51X  
FLST,2,4,3  
FITEM,2,8   
FITEM,2,9   
FITEM,2,6   
FITEM,2,5   
A,P51X  
FLST,2,4,3  
FITEM,2,3   
FITEM,2,6   
FITEM,2,5   
FITEM,2,2   
A,P51X  
FLST,2,4,5,ORDE,2   
FITEM,2,1   
FITEM,2,-4  
AESIZE,P51X,0.3,
MSHAPE,0,2D 
MSHKEY,0
!*  
FLST,5,4,5,ORDE,2   
FITEM,5,1   
FITEM,5,-4  
CM,_Y,AREA  
ASEL, , , ,P51X 
CM,_Y1,AREA 
CHKMSH,'AREA'   
CMSEL,S,_Y  
!*  
AMESH,_Y1   
!*  
CMDELE,_Y   
CMDELE,_Y1  
CMDELE,_Y2  
!*  
FLST,5,6,4,ORDE,6   
FITEM,5,1   
FITEM,5,-2  
FITEM,5,6   
FITEM,5,-7  
FITEM,5,9   
FITEM,5,-10 
CM,_Y,LINE  
LSEL, , , ,P51X 
CM,_Y1,LINE 
CMSEL,,_Y   
!*  
LESIZE,_Y1,0.3, , , , , , ,1
!*  
FINISH  
/SOL
FLST,2,9,4,ORDE,4   
FITEM,2,3   
FITEM,2,-5  
FITEM,2,7   
FITEM,2,-12 
!*  
/GO 
DL,P51X, ,UX,   
FLST,2,12,4,ORDE,2  
FITEM,2,1   
FITEM,2,-12 
FINISH  
! /EXIT,NOSAV   
/BATCH  
/COM,ANSYS RELEASE 2021 R2           BUILD 21.2      UP20210601       19:27:48
/input,menust,tmp,''
/GRA,POWER
/GST,ON
/PLO,INFO,3
/GRO,CURL,ON
/CPLANE,1   
/REPLOT,RESIZE  
WPSTYLE,,,,,,,,0
/PREP7  
!*  
ET,1,BEAM188
!*  
ET,2,BEAM188
!*  
ETDEL,2 
!*  
et,1,shell63
R,1,0.011,0.011,0.011,0.011, , ,
RMORE, , , ,
RMORE   
RMORE, ,
!*  
!*  
MPTEMP,,,,,,,,  
MPTEMP,1,0  
MPDATA,EX,1,,2e11   
MPDATA,PRXY,1,,0.3  
MPTEMP,,,,,,,,  
MPTEMP,1,0  
MPDATA,DENS,1,,7850 
SECTYPE,   1, BEAM, T, , 0  
SECOFFSET, CENT 
SECDATA,0.3,0.311,0.011,0.011,0,0,0,0,0,0,0,0   
SECTYPE,   1, BEAM, T, , 0  
SECOFFSET, CENT 
SECDATA,0.3,0.311,0.011,0.011,0,0,0,0,0,0,0,0   
K,1,0,0,0,  
K,2,15,0,0, 
K,3,30,0,0, 
K,4,0,6.5,0,
K,5,15,6.5,0,   
K,6,30,6.5,0,   
K,7,0,15,0, 
KDELE,       7  
K,7,0,13,0, 
K,8,15,13,0,
K,8,30,13,0,
K,8,30,13,0,
/DIST, 1 ,1.082226,1
/REP,FAST   
/DIST, 1 ,0.924021,1
/REP,FAST   
K,8,15,13,0,
K,8,15,13,0,
KDELE,       8  
/DIST, 1 ,0.924021,1
/REP,FAST   
/DIST, 1 ,1.082226,1
/REP,FAST   
/DIST, 1 ,1.082226,1
/REP,FAST   
/DIST, 1 ,1.082226,1
/REP,FAST   
/DIST, 1 ,1.082226,1
/REP,FAST   
/DIST, 1 ,1.082226,1
/REP,FAST   
/DIST, 1 ,1.082226,1
/REP,FAST   
/DIST, 1 ,1.082226,1
/REP,FAST   
/DIST, 1 ,0.924021,1
/REP,FAST   
/DIST, 1 ,0.924021,1
/REP,FAST   
K,8,15,13,0,
K,9,30,13,0,
/UI,MESH,OFF
FLST,2,4,3  
FITEM,2,7   
FITEM,2,8   
FITEM,2,5   
FITEM,2,4   
A,P51X  
FLST,2,4,3  
FITEM,2,4   
FITEM,2,1   
FITEM,2,2   
FITEM,2,5   
A,P51X  
FLST,2,4,3  
FITEM,2,8   
FITEM,2,9   
FITEM,2,6   
FITEM,2,5   
A,P51X  
FLST,2,4,3  
FITEM,2,5   
FITEM,2,2   
FITEM,2,3   
FITEM,2,6   
A,P51X  
FLST,2,4,5,ORDE,2   
FITEM,2,1   
FITEM,2,-4  
AESIZE,P51X,0.3,
FLST,2,4,5,ORDE,2   
FITEM,2,1   
FITEM,2,-4  
AESIZE,P51X,0.3,
MSHAPE,0,2D 
MSHKEY,0
!*  
FLST,5,4,5,ORDE,2   
FITEM,5,1   
FITEM,5,-4  
CM,_Y,AREA  
ASEL, , , ,P51X 
CM,_Y1,AREA 
CHKMSH,'AREA'   
CMSEL,S,_Y  
!*  
AMESH,_Y1   
!*  
CMDELE,_Y   
CMDELE,_Y1  
CMDELE,_Y2  
!*  
FLST,5,4,4,ORDE,4   
FITEM,5,2   
FITEM,5,-3  
FITEM,5,7   
FITEM,5,10  
CM,_Y,LINE  
LSEL, , , ,P51X 
CM,_Y1,LINE 
CMSEL,,_Y   
!*  
LESIZE,_Y1,0.3, , , , , , ,1
!*  
FLST,2,4,4,ORDE,4   
FITEM,2,2   
FITEM,2,-3  
FITEM,2,7   
FITEM,2,10  
LMESH,P51X  
FINISH  
! /EXIT,NOSAV   
/BATCH  
/COM,ANSYS RELEASE 2021 R2           BUILD 21.2      UP20210601       19:39:18
/input,menust,tmp,''
/GRA,POWER
/GST,ON
/PLO,INFO,3
/GRO,CURL,ON
/CPLANE,1   
/REPLOT,RESIZE  
WPSTYLE,,,,,,,,0
!*  
/NOPR   
KEYW,PR_SET,1   
KEYW,PR_STRUC,1 
KEYW,PR_THERM,0 
KEYW,PR_FLUID,0 
KEYW,PR_ELMAG,0 
KEYW,MAGNOD,0   
KEYW,MAGEDG,0   
KEYW,MAGHFE,0   
KEYW,MAGELC,0   
KEYW,PR_MULTI,0 
/GO 
!*  
/COM,   
/COM,Preferences for GUI filtering have been set to display:
/COM,  Structural   
!*  
/PREP7  
!*  
ET,1,BEAM188
!*  
et,2,shell63
R,1,0.011,0.011,0.011,0.011, , ,
RMORE, , , ,
RMORE   
RMORE, ,
!*  
!*  
MPTEMP,,,,,,,,  
MPTEMP,1,0  
MPDATA,EX,1,,2e11   
MPDATA,PRXY,1,,0.3  
MPTEMP,,,,,,,,  
MPTEMP,1,0  
MPDATA,DENS,1,,7850 
SECTYPE,   1, BEAM, T, , 0  
SECOFFSET, CENT 
SECDATA,0.3,0.311,0.011,0.011,0,0,0,0,0,0,0,0   
SECTYPE,   1, BEAM, T, , 0  
SECOFFSET, CENT 
SECDATA,0.3,0.311,0.011,0.011,0,0,0,0,0,0,0,0   
K,1,0,0,0,  
K,2,15,0,0, 
K,3,30,0,0, 
K,4,0,6.5,0,
K,5,15,6.5,0,   
K,6,30,6.5,0,   
K,7,0,13,0, 
K,8,15,13,0,
K,9,30,13,0,
FLST,2,4,3  
FITEM,2,7   
FITEM,2,8   
FITEM,2,5   
FITEM,2,4   
A,P51X  
FLST,2,4,3  
FITEM,2,9   
FITEM,2,8   
FITEM,2,5   
FITEM,2,6   
A,P51X  
FLST,2,4,3  
FITEM,2,4   
FITEM,2,5   
FITEM,2,2   
FITEM,2,1   
A,P51X  
FLST,2,4,3  
FITEM,2,5   
FITEM,2,6   
FITEM,2,3   
FITEM,2,2   
A,P51X  
FLST,2,4,5,ORDE,2   
FITEM,2,1   
FITEM,2,-4  
AESIZE,P51X,0.3,
MSHAPE,0,2D 
MSHKEY,0
!*  
FLST,5,4,5,ORDE,2   
FITEM,5,1   
FITEM,5,-4  
CM,_Y,AREA  
ASEL, , , ,P51X 
CM,_Y1,AREA 
CHKMSH,'AREA'   
CMSEL,S,_Y  
!*  
AMESH,_Y1   
!*  
CMDELE,_Y   
CMDELE,_Y1  
CMDELE,_Y2  
!*  
FLST,5,5,4,ORDE,5   
FITEM,5,2   
FITEM,5,-3  
FITEM,5,5   
FITEM,5,-6  
FITEM,5,8   
CM,_Y,LINE  
LSEL, , , ,P51X 
CM,_Y1,LINE 
CMSEL,,_Y   
!*  
LESIZE,_Y1,0.3, , , , , , ,1
!*  
FLST,2,4,4,ORDE,4   
FITEM,2,2   
FITEM,2,-3  
FITEM,2,6   
FITEM,2,8   
LMESH,P51X  
FLST,5,4,4,ORDE,4   
FITEM,5,2   
FITEM,5,-3  
FITEM,5,6   
FITEM,5,8   
CM,_Y,LINE  
LSEL, , , ,P51X 
CM,_Y1,LINE 
CMSEL,,_Y   
!*  
LESIZE,_Y1,0.3, , , , , , ,1
!*  
FLST,2,4,4,ORDE,4   
FITEM,2,2   
FITEM,2,-3  
FITEM,2,6   
FITEM,2,8   
LMESH,P51X  
FLST,2,8,4,ORDE,6   
FITEM,2,1   
FITEM,2,4   
FITEM,2,-5  
FITEM,2,7   
FITEM,2,9   
FITEM,2,-12 
!*  
/GO 
DL,P51X, ,UX,   
FLST,2,8,4,ORDE,6   
FITEM,2,1   
FITEM,2,4   
FITEM,2,-5  
FITEM,2,7   
FITEM,2,9   
FITEM,2,-12 
!*  
/GO 
DL,P51X, ,UY,   
FLST,2,8,4,ORDE,6   
FITEM,2,1   
FITEM,2,4   
FITEM,2,-5  
FITEM,2,7   
FITEM,2,9   
FITEM,2,-12 
!*  
/GO 
DL,P51X, ,UZ,   
!*  
ANTYPE,2
!*  
!*  
MODOPT,LANB,10  
EQSLV,SPAR  
MXPAND,10, , ,0 
LUMPM,0 
PSTRES,0
!*  
MODOPT,LANB,10,0,0, ,OFF
!*  
/SHRINK,0   
/ESHAPE,1.0 
/EFACET,1   
/RATIO,1,1,1
/CFORMAT,32,0   
/REPLOT 
!*  
/USER,  1   
/VIEW,  1,  0.156130339831    ,  0.466866973514    ,  0.870435836823
/ANG,   1,   1.70051358945  
/REPLO  
/VIEW,  1,  0.326874315978    ,  0.922647478480    ,  0.204633359960
/ANG,   1,   38.1894155725  
/REPLO  
/VIEW,  1,  0.320493429379    ,  0.939589913039    ,  0.120227937855
/ANG,   1,   48.8655942211  
/REPLO  
!*  
/SHRINK,0   
/ESHAPE,0.0 
/EFACET,1   
/RATIO,1,1,1
/CFORMAT,32,0   
/REPLOT 
!*  
!*  
/SHRINK,0   
/ESHAPE,1.0 
/EFACET,1   
/RATIO,1,1,1
/CFORMAT,32,0   
/REPLOT 
!*  
/DIST, 1 ,0.924021,1
/REP,FAST   
/DIST, 1 ,0.924021,1
/REP,FAST   
/DIST, 1 ,0.924021,1
/REP,FAST   
/DIST, 1 ,0.924021,1
/REP,FAST   
/DIST, 1 ,0.924021,1
/REP,FAST   
/DIST, 1 ,0.924021,1
/REP,FAST   
/DIST, 1 ,0.924021,1
/REP,FAST   
/DIST, 1 ,0.924021,1
/REP,FAST   
/DIST, 1 ,0.924021,1
/REP,FAST   
/DIST, 1 ,0.924021,1
/REP,FAST   
/DIST, 1 ,0.924021,1
/REP,FAST   
/DIST, 1 ,0.924021,1
/REP,FAST   
/DIST, 1 ,0.924021,1
/REP,FAST   
/DIST, 1 ,0.924021,1
/REP,FAST   
/DIST, 1 ,0.924021,1
/REP,FAST   
/DIST, 1 ,0.924021,1
/REP,FAST   
/DIST, 1 ,0.924021,1
/REP,FAST   
/DIST, 1 ,0.924021,1
/REP,FAST   
/DIST, 1 ,0.924021,1
/REP,FAST   
/DIST, 1 ,0.924021,1
/REP,FAST   
/DIST, 1 ,0.924021,1
/REP,FAST   
/DIST, 1 ,0.924021,1
/REP,FAST   
/DIST, 1 ,0.924021,1
/REP,FAST   
/DIST, 1 ,1.082226,1
/REP,FAST   
/DIST, 1 ,1.082226,1
/REP,FAST   
/DIST, 1 ,1.082226,1
/REP,FAST   
/DIST, 1 ,1.082226,1
/REP,FAST   
/DIST, 1 ,1.082226,1
/REP,FAST   
/DIST, 1 ,1.082226,1
/REP,FAST   
/DIST, 1 ,1.082226,1
/REP,FAST   
/DIST, 1 ,1.082226,1
/REP,FAST   
/DIST, 1 ,1.082226,1
/REP,FAST   
/DIST, 1 ,1.082226,1
/REP,FAST   
/DIST, 1 ,1.082226,1
/REP,FAST   
/DIST, 1 ,1.082226,1
/REP,FAST   
/DIST, 1 ,1.082226,1
/REP,FAST   
/DIST, 1 ,1.082226,1
/REP,FAST   
/DIST, 1 ,1.082226,1
/REP,FAST   
SECTYPE,   1, BEAM, T, , 0  
SECOFFSET, ORIG 
SECDATA,0.3,0.311,0.011,0.011,0,0,0,0,0,0,0,0   
SECTYPE,   1, BEAM, T, , 0  
SECOFFSET, USER, 0, 0.311   
SECDATA,0.3,0.311,0.011,0.011,0,0,0,0,0,0,0,0   
/AUTO,1 
/REP,FAST   
/DIST, 1 ,0.924021,1
/REP,FAST   
/DIST, 1 ,0.924021,1
/REP,FAST   
/DIST, 1 ,0.924021,1
/REP,FAST   
/DIST, 1 ,0.924021,1
/REP,FAST   
/DIST, 1 ,0.924021,1
/REP,FAST   
/DIST, 1 ,0.924021,1
/REP,FAST   
/DIST, 1 ,0.924021,1
/REP,FAST   
/DIST, 1 ,0.924021,1
/REP,FAST   
/DIST, 1 ,0.924021,1
/REP,FAST   
/DIST, 1 ,0.924021,1
/REP,FAST   
/DIST, 1 ,0.924021,1
/REP,FAST   
/DIST, 1 ,0.924021,1
/REP,FAST   
/DIST, 1 ,0.924021,1
/REP,FAST   
/DIST, 1 ,0.924021,1
/REP,FAST   
/DIST, 1 ,0.924021,1
/REP,FAST   
/DIST, 1 ,0.924021,1
/REP,FAST   
/DIST, 1 ,0.924021,1
/REP,FAST   
/DIST, 1 ,0.924021,1
/REP,FAST   
/DIST, 1 ,0.924021,1
/REP,FAST   
/DIST, 1 ,1.082226,1
/REP,FAST   
/DIST, 1 ,1.082226,1
/REP,FAST   
/DIST, 1 ,1.082226,1
/REP,FAST   
/DIST, 1 ,1.082226,1
/REP,FAST   
/DIST, 1 ,1.082226,1
/REP,FAST   
/DIST, 1 ,1.082226,1
/REP,FAST   
/DIST, 1 ,1.082226,1
/REP,FAST   
/DIST, 1 ,1.082226,1
/REP,FAST   
/DIST, 1 ,1.082226,1
/REP,FAST   
/DIST, 1 ,1.082226,1
/REP,FAST   
/DIST, 1 ,1.082226,1
/REP,FAST   
/DIST, 1 ,1.082226,1
/REP,FAST   
/DIST, 1 ,1.082226,1
/REP,FAST   
/DIST, 1 ,1.082226,1
/REP,FAST   
/DIST, 1 ,1.082226,1
/REP,FAST   
/DIST, 1 ,1.082226,1
/REP,FAST   
/DIST, 1 ,1.082226,1
/REP,FAST   
/DIST, 1 ,1.082226,1
/REP,FAST   
ALLSEL,ALL  
FINISH  
/SOL
/STATUS,SOLU
SOLVE   
! set, list command 
FINISH  
/POST1  
SET,FIRST   
!*  
/EFACET,1   
PLNSOL, U,Y, 0,1.0  
/DIST, 1 ,0.924021,1
/REP,FAST   
/DIST, 1 ,0.924021,1
/REP,FAST   
/DIST, 1 ,0.924021,1
/REP,FAST   
/DIST, 1 ,1.082226,1
/REP,FAST   
/DIST, 1 ,1.082226,1
/REP,FAST   
/DIST, 1 ,1.082226,1
/REP,FAST   
/DIST, 1 ,1.082226,1
/REP,FAST   
/DIST, 1 ,1.082226,1
/REP,FAST   
/DIST, 1 ,1.082226,1
/REP,FAST   
/USER,  1   
/FOC,   1,   14.7906887163    ,   6.50723462186    ,   1.09592509169
/REPLO  
/VIEW,  1,  0.124234050744    ,  0.798953609967    ,  0.588420793103
/ANG,   1,  -3.80316944846  
/REPLO  
/VIEW,  1,  0.536355005249E-01,  0.716855751566    ,  0.695155424729
/ANG,   1,  -9.63761833284  
/REPLO  
!*  
/EFACET,1   
PLNSOL, U,Z, 0,1.0  
/EFACET,1   
PLNSOL, U,Z, 0,1.0  
/VIEW,  1, -0.211545061462E-02,  0.197383005670    ,  0.980324167784
/ANG,   1,  -12.2594930549  
/REPLO  
/VIEW,  1,  0.190171533486E-01,  0.468483147581    ,  0.883267733086
/ANG,   1,  -12.5505438539  
/REPLO  
set, list command   
SAVE
SAVE
SAVE
FINISH  
! /EXIT,ALL 
/BATCH  
/COM,ANSYS RELEASE 2021 R2           BUILD 21.2      UP20210601       19:53:21
/input,menust,tmp,''
/GRA,POWER
/GST,ON
/PLO,INFO,3
/GRO,CURL,ON
/CPLANE,1   
/REPLOT,RESIZE  
WPSTYLE,,,,,,,,0
RESUME  
/COM,ANSYS RELEASE 2021 R2           BUILD 21.2      UP20210601       19:53:26
/VIEW,  1,  0.258172767512    ,  0.951422990300    ,  0.167753139000
/ANG,   1,   32.4825643735  
/REPLO  
/VIEW,  1,  0.140305614097    ,  0.812173757637    ,  0.566293318042
/ANG,   1,  -6.98623051965  
/REPLO  
/POST1  
SET,FIRST   
!*  
/EFACET,1   
PLNSOL, U,Z, 0,1.0  
SET,FIRST   
/AUTO,1 
/REP,FAST   
FINISH  
! /EXIT,ALL 
/BATCH  
/COM,ANSYS RELEASE 2021 R2           BUILD 21.2      UP20210601       19:54:02
/input,menust,tmp,''
/GRA,POWER
/GST,ON
/PLO,INFO,3
/GRO,CURL,ON
/CPLANE,1   
/REPLOT,RESIZE  
WPSTYLE,,,,,,,,0
RESUME  
/COM,ANSYS RELEASE 2021 R2           BUILD 21.2      UP20210601       19:54:04
/POST1  
SET,FIRST   
/AUTO,1 
/REP,FAST   
PLDISP,0
/USER,  1   
/VIEW,  1,  0.216088775958    ,  0.965811860974    , -0.143223915974
/ANG,   1,   98.0395459581  
/REPLO  
/VIEW,  1,  0.102269741126    ,  0.964187046347    , -0.244712565488
/ANG,   1,   130.733222732  
/REPLO  
/VIEW,  1,  0.387902290371E-02,  0.993118035543    ,  0.117053494871
/ANG,   1,  -24.1999298894  
/REPLO  
/VIEW,  1, -0.127588466816    ,  0.954184335622    ,  0.270653721180
/ANG,   1,  -50.9844728052  
/REPLO  
/VIEW,  1,  0.168996062115E-01,  0.987668810653    , -0.155642936793
/ANG,   1,   148.013752248  
/REPLO  
!*  
/EFACET,1   
PLNSOL, U,Z, 0,1.0  
/VIEW,  1,  0.249545810757    ,  0.857097798598    , -0.450677547669
/ANG,   1,   126.164408337  
/REPLO  
/VIEW,  1,  0.442858805105E-01,  0.969342533718    , -0.241689497315
/ANG,   1,   143.326214347  
/REPLO  
SAVE
FINISH  
! /EXIT,ALL 
/BATCH  
/COM,ANSYS RELEASE 2021 R2           BUILD 21.2      UP20210601       03:37:15
/input,menust,tmp,''
/GRA,POWER
/GST,ON
/PLO,INFO,3
/GRO,CURL,ON
/CPLANE,1   
/REPLOT,RESIZE  
WPSTYLE,,,,,,,,0
RESUME  
/COM,ANSYS RELEASE 2021 R2           BUILD 21.2      UP20210601       03:37:18
/ZOOM,1,RECT,0.650748,0.39629 ,0.596540755392 ,0.36241933838
/FOC,   1,   15.0813576221    ,  -17.2974694603    ,  0.585245574557
/REPLO  
RESUME  
/COM,ANSYS RELEASE 2021 R2           BUILD 21.2      UP20210601       03:37:26
/VIEW,  1,  0.113488481431    ,  0.916100585788    , -0.384551792743
/ANG,   1,   137.627074608  
/REPLO  
/VIEW,  1,  0.222260232262    ,  0.687914476802    , -0.690922616333
/ANG,   1,   136.438099768  
/REPLO  
/VIEW,  1,  0.525308951648    ,  0.808873121150    , -0.264149160892
/ANG,   1,   103.411287391  
/REPLO  
/VIEW,  1,  0.807838713421    ,  0.346277758740    , -0.476957363819
/ANG,   1,   97.7913385690  
/REPLO  
/VIEW,  1,  0.600680114991    ,  0.560724139465    , -0.569887566872
/ANG,   1,   106.361164789  
/REPLO  
/DIST, 1 ,0.924021,1
/REP,FAST   
/DIST, 1 ,0.924021,1
/REP,FAST   
/DIST, 1 ,0.924021,1
/REP,FAST   
/DIST, 1 ,0.924021,1
/REP,FAST   
/DIST, 1 ,0.924021,1
/REP,FAST   
/DIST, 1 ,0.924021,1
/REP,FAST   
/DIST, 1 ,0.924021,1
/REP,FAST   
/DIST, 1 ,0.924021,1
/REP,FAST   
/DIST, 1 ,0.924021,1
/REP,FAST   
/DIST, 1 ,0.924021,1
/REP,FAST   
/DIST, 1 ,0.924021,1
/REP,FAST   
/DIST, 1 ,0.924021,1
/REP,FAST   
/DIST, 1 ,0.924021,1
/REP,FAST   
/DIST, 1 ,0.924021,1
/REP,FAST   
/DIST, 1 ,0.924021,1
/REP,FAST   
/DIST, 1 ,0.924021,1
/REP,FAST   
/DIST, 1 ,0.924021,1
/REP,FAST   
/DIST, 1 ,0.924021,1
/REP,FAST   
/DIST, 1 ,0.924021,1
/REP,FAST   
/DIST, 1 ,0.924021,1
/REP,FAST   
/DIST, 1 ,0.924021,1
/REP,FAST   
/DIST, 1 ,0.924021,1
/REP,FAST   
/DIST, 1 ,0.924021,1
/REP,FAST   
/DIST, 1 ,0.924021,1
/REP,FAST   
/DIST, 1 ,0.924021,1
/REP,FAST   
/DIST, 1 ,0.924021,1
/REP,FAST   
/DIST, 1 ,0.924021,1
/REP,FAST   
/DIST, 1 ,0.924021,1
/REP,FAST   
/DIST, 1 ,0.924021,1
/REP,FAST   
/DIST, 1 ,0.924021,1
/REP,FAST   
/DIST, 1 ,0.924021,1
/REP,FAST   
/DIST, 1 ,0.924021,1
/REP,FAST   
/DIST, 1 ,0.924021,1
/REP,FAST   
/DIST, 1 ,0.924021,1
/REP,FAST   
/DIST, 1 ,0.924021,1
/REP,FAST   
/DIST, 1 ,1.082226,1
/REP,FAST   
/DIST, 1 ,1.082226,1
/REP,FAST   
/DIST, 1 ,1.082226,1
/REP,FAST   
/DIST, 1 ,1.082226,1
/REP,FAST   
/DIST, 1 ,1.082226,1
/REP,FAST   
/DIST, 1 ,1.082226,1
/REP,FAST   
/DIST, 1 ,1.082226,1
/REP,FAST   
/DIST, 1 ,1.082226,1
/REP,FAST   
/DIST, 1 ,1.082226,1
/REP,FAST   
/DIST, 1 ,1.082226,1
/REP,FAST   
/VIEW,  1,  0.467526503474    ,  0.433415263594    , -0.770435057505
/ANG,   1,   113.912638924  
/REPLO  
/DIST, 1 ,0.924021,1
/REP,FAST   
/DIST, 1 ,0.924021,1
/REP,FAST   
/DIST, 1 ,0.924021,1
/REP,FAST   
/DIST, 1 ,0.924021,1
/REP,FAST   
/DIST, 1 ,0.924021,1
/REP,FAST   
/DIST, 1 ,0.924021,1
/REP,FAST   
/DIST, 1 ,0.924021,1
/REP,FAST   
/DIST, 1 ,0.924021,1
/REP,FAST   
/DIST, 1 ,0.924021,1
/REP,FAST   
/DIST, 1 ,0.924021,1
/REP,FAST   
/DIST, 1 ,0.924021,1
/REP,FAST   
/DIST, 1 ,0.924021,1
/REP,FAST   
/DIST, 1 ,0.924021,1
/REP,FAST   
/DIST, 1 ,0.924021,1
/REP,FAST   
/DIST, 1 ,0.924021,1
/REP,FAST   
/DIST, 1 ,0.924021,1
/REP,FAST   
/DIST, 1 ,0.924021,1
/REP,FAST   
/DIST, 1 ,1.082226,1
/REP,FAST   
/DIST, 1 ,1.082226,1
/REP,FAST   
/DIST, 1 ,1.082226,1
/REP,FAST   
/DIST, 1 ,1.082226,1
/REP,FAST   
/DIST, 1 ,1.082226,1
/REP,FAST   
/DIST, 1 ,1.082226,1
/REP,FAST   
/DIST, 1 ,1.082226,1
/REP,FAST   
/DIST, 1 ,1.082226,1
/REP,FAST   
/DIST, 1 ,1.082226,1
/REP,FAST   
/DIST, 1 ,1.082226,1
/REP,FAST   
/DIST, 1 ,1.082226,1
/REP,FAST   
/DIST, 1 ,1.082226,1
/REP,FAST   
/DIST, 1 ,1.082226,1
/REP,FAST   
/DIST, 1 ,1.082226,1
/REP,FAST   
/DIST, 1 ,1.082226,1
/REP,FAST   
/DIST, 1 ,1.082226,1
/REP,FAST   
/DIST, 1 ,1.082226,1
/REP,FAST   
/DIST, 1 ,1.082226,1
/REP,FAST   
/DIST, 1 ,1.082226,1
/REP,FAST   
/DIST, 1 ,1.082226,1
/REP,FAST   
/DIST, 1 ,1.082226,1
/REP,FAST   
/DIST, 1 ,1.082226,1
/REP,FAST   
/DIST, 1 ,1.082226,1
/REP,FAST   
/DIST, 1 ,1.082226,1
/REP,FAST   
/DIST, 1 ,1.082226,1
/REP,FAST   
/DIST, 1 ,1.082226,1
/REP,FAST   
/DIST, 1 ,1.082226,1
/REP,FAST   
/DIST, 1 ,1.082226,1
/REP,FAST   
/DIST, 1 ,1.082226,1
/REP,FAST   
/DIST, 1 ,1.082226,1
/REP,FAST   
/DIST, 1 ,1.082226,1
/REP,FAST   
/DIST, 1 ,1.082226,1
/REP,FAST   
/DIST, 1 ,1.082226,1
/REP,FAST   
/DIST, 1 ,1.082226,1
/REP,FAST   
/DIST, 1 ,1.082226,1
/REP,FAST   
/DIST, 1 ,1.082226,1
/REP,FAST   
/DIST, 1 ,1.082226,1
/REP,FAST   
/DIST, 1 ,1.082226,1
/REP,FAST   
/DIST, 1 ,1.082226,1
/REP,FAST   
/DIST, 1 ,1.082226,1
/REP,FAST   
/DIST, 1 ,1.082226,1
/REP,FAST   
/DIST, 1 ,1.082226,1
/REP,FAST   
/DIST, 1 ,1.082226,1
/REP,FAST   
/DIST, 1 ,1.082226,1
/REP,FAST   
/DIST, 1 ,1.082226,1
/REP,FAST   
/DIST, 1 ,1.082226,1
/REP,FAST   
/DIST, 1 ,1.082226,1
/REP,FAST   
/DIST, 1 ,1.082226,1
/REP,FAST   
/DIST, 1 ,1.082226,1
/REP,FAST   
/DIST, 1 ,1.082226,1
/REP,FAST   
/DIST, 1 ,1.082226,1
/REP,FAST   
/VIEW,  1,  0.632569226611    ,  0.648638206105    , -0.423231202921
/ANG,   1,   102.653763535  
/REPLO  
/VIEW,  1,  0.537497707703    ,  0.673028315986    , -0.508064070856
/ANG,   1,   113.037952077  
/REPLO  
/POST1  
SET,LIST,999
SET,,, ,,, ,1   
!*  
/EFACET,1   
PLNSOL, U,SUM, 0,1.0
/VIEW,  1,  0.539443928222    ,  0.517458060757    , -0.664257031323
/ANG,   1,   117.292249263  
/REPLO  
/VIEW,  1,  0.560284586788    ,  0.805345719531E-01, -0.824375742322
/ANG,   1,   118.246700227  
/REPLO  
/VIEW,  1,  0.563733442811    ,  0.731318155089    , -0.383898894885
/ANG,   1,   117.490627291  
/REPLO  
/VIEW,  1,  0.223749298045    ,  0.104300346734    , -0.969049889993
/ANG,   1,   163.959097711  
/REPLO  
/VIEW,  1, -0.135164990786    , -0.110817045622    , -0.984606524285
/ANG,   1,   164.719185327  
/REPLO  
/VIEW,  1,  0.459260329007    ,  0.710612020658    , -0.533020174380
/ANG,   1,   141.985155649  
/REPLO  
SET,LIST,999
SET,,, ,,, ,2   
!*  
/EFACET,1   
PLNSOL, U,SUM, 0,1.0
/VIEW,  1,  0.573042890055    ,  0.354486691602    , -0.738891759079
/ANG,   1,   143.303654776  
/REPLO  
/VIEW,  1,  0.435297454298    ,  0.796150765737    , -0.420309510358
/ANG,   1,   128.214294377  
/REPLO  
/DIST, 1 ,0.924021,1
/REP,FAST   
/DIST, 1 ,0.924021,1
/REP,FAST   
/DIST, 1 ,0.924021,1
/REP,FAST   
/DIST, 1 ,0.924021,1
/REP,FAST   
/DIST, 1 ,0.924021,1
/REP,FAST   
/DIST, 1 ,0.924021,1
/REP,FAST   
/DIST, 1 ,0.924021,1
/REP,FAST   
/DIST, 1 ,0.924021,1
/REP,FAST   
/DIST, 1 ,0.924021,1
/REP,FAST   
/DIST, 1 ,0.924021,1
/REP,FAST   
/DIST, 1 ,0.924021,1
/REP,FAST   
/DIST, 1 ,0.924021,1
/REP,FAST   
/DIST, 1 ,0.924021,1
/REP,FAST   
/DIST, 1 ,0.924021,1
/REP,FAST   
/DIST, 1 ,0.924021,1
/REP,FAST   
/DIST, 1 ,0.924021,1
/REP,FAST   
/DIST, 1 ,0.924021,1
/REP,FAST   
/DIST, 1 ,0.924021,1
/REP,FAST   
/DIST, 1 ,0.924021,1
/REP,FAST   
/DIST, 1 ,0.924021,1
/REP,FAST   
/DIST, 1 ,0.924021,1
/REP,FAST   
/DIST, 1 ,0.924021,1
/REP,FAST   
/DIST, 1 ,0.924021,1
/REP,FAST   
/DIST, 1 ,0.924021,1
/REP,FAST   
/DIST, 1 ,0.924021,1
/REP,FAST   
/DIST, 1 ,0.924021,1
/REP,FAST   
/DIST, 1 ,0.924021,1
/REP,FAST   
/DIST, 1 ,0.924021,1
/REP,FAST   
/DIST, 1 ,0.924021,1
/REP,FAST   
/DIST, 1 ,0.924021,1
/REP,FAST   
/DIST, 1 ,0.924021,1
/REP,FAST   
/DIST, 1 ,0.924021,1
/REP,FAST   
/DIST, 1 ,0.924021,1
/REP,FAST   
/DIST, 1 ,1.082226,1
/REP,FAST   
/DIST, 1 ,1.082226,1
/REP,FAST   
/DIST, 1 ,1.082226,1
/REP,FAST   
/DIST, 1 ,1.082226,1
/REP,FAST   
/DIST, 1 ,1.082226,1
/REP,FAST   
/DIST, 1 ,1.082226,1
/REP,FAST   
/DIST, 1 ,1.082226,1
/REP,FAST   
/DIST, 1 ,1.082226,1
/REP,FAST   
/DIST, 1 ,1.082226,1
/REP,FAST   
/DIST, 1 ,1.082226,1
/REP,FAST   
/DIST, 1 ,1.082226,1
/REP,FAST   
/DIST, 1 ,1.082226,1
/REP,FAST   
/DIST, 1 ,1.082226,1
/REP,FAST   
/DIST, 1 ,1.082226,1
/REP,FAST   
/DIST, 1 ,1.082226,1
/REP,FAST   
/DIST, 1 ,1.082226,1
/REP,FAST   
/DIST, 1 ,1.082226,1
/REP,FAST   
/DIST, 1 ,1.082226,1
/REP,FAST   
/DIST, 1 ,1.082226,1
/REP,FAST   
/DIST, 1 ,1.082226,1
/REP,FAST   
/DIST, 1 ,1.082226,1
/REP,FAST   
/DIST, 1 ,1.082226,1
/REP,FAST   
/DIST, 1 ,1.082226,1
/REP,FAST   
/DIST, 1 ,1.082226,1
/REP,FAST   
/DIST, 1 ,1.082226,1
/REP,FAST   
PLDISP,1
/VIEW,  1,  0.611498656887    ,  0.481864727705    , -0.627595233266
/ANG,   1,   128.337125208  
/REPLO  
/VIEW,  1,  0.466033396078    ,  0.804389157662    , -0.368471107111
/ANG,   1,   129.239997847  
/REPLO  
/VIEW,  1,  0.471137193210    ,  0.269963889129    , -0.839731649838
/ANG,   1,   138.127877619  
/REPLO  
/VIEW,  1,  0.189124405102    ,  0.981913779150    , -0.879145666784E-02
/ANG,   1,   95.2026243129  
/REPLO  
/VIEW,  1, -0.210249125073E-01,  0.998240938442    ,  0.554344827029E-01
/ANG,   1,  -19.3446041095  
/REPLO  
/VIEW,  1,  0.663165429754    ,  0.449876634227    , -0.598182770360
/ANG,   1,   116.968551216  
/REPLO  
/REPLO  
/FOC,   1,   15.5096364578    ,   5.70676361456    ,  0.562928917290
/REPLO  
/VIEW,  1,  0.615181873879    ,  0.574397587110    , -0.540017290438
/ANG,   1,   119.874649091  
/REPLO  
SET,LIST,999
FINISH  
! /EXIT,ALL 
/BATCH  
/COM,ANSYS RELEASE 2021 R2           BUILD 21.2      UP20210601       05:51:36
/input,menust,tmp,''
/GRA,POWER
/GST,ON
/PLO,INFO,3
/GRO,CURL,ON
/CPLANE,1   
/REPLOT,RESIZE  
WPSTYLE,,,,,,,,0
RESUME  
/COM,ANSYS RELEASE 2021 R2           BUILD 21.2      UP20210601       05:51:39
/POST1  
SET,LIST,999
SET,LIST,999
SET,,, ,,, ,2   
!*  
/EFACET,1   
PLNSOL, U,SUM, 0,1.0
SET,LIST,999
SET,,, ,,, ,1   
!*  
/EFACET,1   
PLNSOL, U,SUM, 0,1.0
SET,LIST,999
SET,,, ,,, ,3   
!*  
/EFACET,1   
PLNSOL, U,SUM, 0,1.0
SET,LIST,999
SET,,, ,,, ,4   
!*  
/EFACET,1   
PLNSOL, U,SUM, 0,1.0
SET,LIST,999
SET,,, ,,, ,5   
!*  
/EFACET,1   
PLNSOL, U,SUM, 0,1.0
SET,LIST,999
SET,,, ,,, ,6   
!*  
/EFACET,1   
PLNSOL, U,SUM, 0,1.0
FINISH  
! /EXIT,ALL 
/BATCH  
/COM,ANSYS RELEASE 2021 R2           BUILD 21.2      UP20210601       20:03:26
/input,menust,tmp,''
/GRA,POWER
/GST,ON
/PLO,INFO,3
/GRO,CURL,ON
/CPLANE,1   
/REPLOT,RESIZE  
WPSTYLE,,,,,,,,0
RESUME  
/COM,ANSYS RELEASE 2021 R2           BUILD 21.2      UP20210601       20:03:32
/DIST, 1 ,0.924021,1
/REP,FAST   
/DIST, 1 ,0.924021,1
/REP,FAST   
/DIST, 1 ,0.924021,1
/REP,FAST   
/DIST, 1 ,0.924021,1
/REP,FAST   
/DIST, 1 ,0.924021,1
/REP,FAST   
/DIST, 1 ,0.924021,1
/REP,FAST   
/DIST, 1 ,0.924021,1
/REP,FAST   
/DIST, 1 ,0.924021,1
/REP,FAST   
/DIST, 1 ,0.924021,1
/REP,FAST   
/DIST, 1 ,0.924021,1
/REP,FAST   
/DIST, 1 ,0.924021,1
/REP,FAST   
/DIST, 1 ,0.924021,1
/REP,FAST   
/DIST, 1 ,0.924021,1
/REP,FAST   
/DIST, 1 ,1.082226,1
/REP,FAST   
/DIST, 1 ,1.082226,1
/REP,FAST   
/DIST, 1 ,1.082226,1
/REP,FAST   
/DIST, 1 ,1.082226,1
/REP,FAST   
/DIST, 1 ,1.082226,1
/REP,FAST   
/DIST, 1 ,1.082226,1
/REP,FAST   
/DIST, 1 ,1.082226,1
/REP,FAST   
/DIST, 1 ,1.082226,1
/REP,FAST   
/VIEW,  1,  0.501304742678    ,  0.826212971089    , -0.257032451983
/ANG,   1,   110.007671307  
/REPLO  
/DIST, 1 ,0.924021,1
/REP,FAST   
/DIST, 1 ,0.924021,1
/REP,FAST   
/DIST, 1 ,0.924021,1
/REP,FAST   
/DIST, 1 ,0.924021,1
/REP,FAST   
/DIST, 1 ,0.924021,1
/REP,FAST   
/FOC,   1,   14.4384338455    ,   6.37629133344    ,  0.625853018212
/REPLO  
/FOC,   1,   12.7029995720    ,   7.39791983962    ,  0.525092556701
/REPLO  
/DIST, 1 ,0.924021,1
/REP,FAST   
/DIST, 1 ,0.924021,1
/REP,FAST   
/DIST, 1 ,0.924021,1
/REP,FAST   
/DIST, 1 ,0.924021,1
/REP,FAST   
/DIST, 1 ,0.924021,1
/REP,FAST   
/DIST, 1 ,0.924021,1
/REP,FAST   
/DIST, 1 ,0.924021,1
/REP,FAST   
/DIST, 1 ,0.924021,1
/REP,FAST   
/DIST, 1 ,0.924021,1
/REP,FAST   
/DIST, 1 ,0.924021,1
/REP,FAST   
/DIST, 1 ,0.924021,1
/REP,FAST   
/DIST, 1 ,0.924021,1
/REP,FAST   
/DIST, 1 ,0.924021,1
/REP,FAST   
/DIST, 1 ,0.924021,1
/REP,FAST   
/DIST, 1 ,0.924021,1
/REP,FAST   
/DIST, 1 ,0.924021,1
/REP,FAST   
/DIST, 1 ,0.924021,1
/REP,FAST   
/DIST, 1 ,0.924021,1
/REP,FAST   
/DIST, 1 ,0.924021,1
/REP,FAST   
/DIST, 1 ,1.082226,1
/REP,FAST   
/DIST, 1 ,1.082226,1
/REP,FAST   
/DIST, 1 ,1.082226,1
/REP,FAST   
/DIST, 1 ,1.082226,1
/REP,FAST   
/DIST, 1 ,1.082226,1
/REP,FAST   
/DIST, 1 ,1.082226,1
/REP,FAST   
/DIST, 1 ,1.082226,1
/REP,FAST   
/DIST, 1 ,1.082226,1
/REP,FAST   
/DIST, 1 ,1.082226,1
/REP,FAST   
/VIEW,  1,  0.729996820701    ,  0.667173023705    , -0.148272715650
/ANG,   1,   98.7852939402  
/REPLO  
/VIEW,  1,  0.466871778805    ,  0.845121478298    , -0.260385155252
/ANG,   1,   113.868660643  
/REPLO  
/DIST, 1 ,0.924021,1
/REP,FAST   
/DIST, 1 ,0.924021,1
/REP,FAST   
/DIST, 1 ,0.924021,1
/REP,FAST   
/DIST, 1 ,0.924021,1
/REP,FAST   
/FOC,   1,   12.6331221080    ,   7.53881222770    ,  0.857090620382
/REPLO  
/FOC,   1,   12.6055117772    ,   7.59355055943    ,  0.985247141202
/REPLO  
/VIEW,  1,  0.383473275626    ,  0.905834367755    , -0.180034288605
/ANG,   1,   110.171312359  
/REPLO  
/VIEW,  1,  0.480625388800    ,  0.828837026044    , -0.286406040263
/ANG,   1,   114.892253786  
/REPLO  
/DIST, 1 ,0.924021,1
/REP,FAST   
/DIST, 1 ,0.924021,1
/REP,FAST   
/DIST, 1 ,0.924021,1
/REP,FAST   
/DIST, 1 ,0.924021,1
/REP,FAST   
/DIST, 1 ,0.924021,1
/REP,FAST   
/DIST, 1 ,0.924021,1
/REP,FAST   
/DIST, 1 ,0.924021,1
/REP,FAST   
/VIEW,  1,  0.487548303454    ,  0.847403379521    , -0.210247863666
/ANG,   1,   108.634908723  
/REPLO  
FINISH  
! /EXIT,NOSAV   
